<?xml version="1.0" encoding="UTF-8"?>
<!-- Generated by org.testng.reporters.JUnitReportReporter -->
<testsuite hostname="DESKTOP-4G6V73A" failures="0" tests="1" name="Testtutorial.Demo1" time="10.010" errors="0" timestamp="2023-01-19T20:47:05 IST" skipped="0">
  <testcase classname="Testtutorial.Demo1" name="abc" time="10.010"/>
  <system-out/>
</testsuite> <!-- Testtutorial.Demo1 -->
